Log file open, 12/23/18 19:44:55
LogWindows: Failed to load 'aqProf.dll' (GetLastError=126)
LogWindows: File 'aqProf.dll' does not exist
LogWindows: Failed to load 'VtuneApi.dll' (GetLastError=126)
LogWindows: File 'VtuneApi.dll' does not exist
LogWindows: Failed to load 'VtuneApi32e.dll' (GetLastError=126)
LogWindows: File 'VtuneApi32e.dll' does not exist
LogConsoleResponse: Display: Failed to find resolution value strings in scalability ini. Falling back to default.
LogInit: Display: Running engine for game: CrossyRoad
LogPakFile: Registered encryption key '00000000000000000000000000000000': 0 pak files mounted, 0 remain pending
LogPlatformFile: Not using cached read wrapper
LogTaskGraph: Started task graph with 5 named threads and 14 total threads with 3 sets of task threads.
LogStats: Stats thread started at 0.272012
LogD3D11RHI: Loaded GFSDK_Aftermath_Lib.x64.dll
LogICUInternationalization: ICU TimeZone Detection - Raw Offset: -8:00, Platform Override: ''
LogPluginManager: Mounting plugin Paper2D
LogPluginManager: Mounting plugin AISupport
LogPluginManager: Mounting plugin LightPropagationVolume
LogPluginManager: Mounting plugin ActorLayerUtilities
LogPluginManager: Mounting plugin CLionSourceCodeAccess
LogPluginManager: Mounting plugin CodeLiteSourceCodeAccess
LogPluginManager: Mounting plugin GitSourceControl
LogPluginManager: Mounting plugin KDevelopSourceCodeAccess
LogPluginManager: Mounting plugin NullSourceCodeAccess
LogPluginManager: Mounting plugin PerforceSourceControl
LogPluginManager: Mounting plugin SubversionSourceControl
LogPluginManager: Mounting plugin UObjectPlugin
LogPluginManager: Mounting plugin VisualStudioCodeSourceCodeAccess
LogPluginManager: Mounting plugin VisualStudioSourceCodeAccess
LogPluginManager: Mounting plugin XCodeSourceCodeAccess
LogPluginManager: Mounting plugin AssetManagerEditor
LogPluginManager: Mounting plugin CryptoKeys
LogPluginManager: Mounting plugin DataValidation
LogPluginManager: Mounting plugin FacialAnimation
LogPluginManager: Mounting plugin GameplayTagsEditor
LogPluginManager: Mounting plugin MacGraphicsSwitching
LogPluginManager: Mounting plugin MeshEditor
LogPluginManager: Mounting plugin MobileLauncherProfileWizard
LogPluginManager: Mounting plugin PluginBrowser
LogPluginManager: Mounting plugin SpeedTreeImporter
LogPluginManager: Mounting plugin DatasmithContent
LogPluginManager: Mounting plugin VariantManagerContent
LogPluginManager: Mounting plugin AlembicImporter
LogPluginManager: Mounting plugin AppleImageUtils
LogPluginManager: Mounting plugin AppleVision
LogPluginManager: Mounting plugin BackChannel
LogPluginManager: Mounting plugin CharacterAI
LogPluginManager: Mounting plugin GeometryCache
LogPluginManager: Mounting plugin HTML5Networking
LogPluginManager: Mounting plugin ProxyLODPlugin
LogPluginManager: Mounting plugin MagicLeap
LogPluginManager: Mounting plugin MagicLeapMedia
LogPluginManager: Mounting plugin AndroidMedia
LogPluginManager: Mounting plugin AvfMedia
LogPluginManager: Mounting plugin ImgMedia
LogPluginManager: Mounting plugin LinearTimecode
LogPluginManager: Mounting plugin MediaCompositing
LogPluginManager: Mounting plugin MediaPlayerEditor
LogPluginManager: Mounting plugin WebMMedia
LogPluginManager: Mounting plugin WmfMedia
LogPluginManager: Mounting plugin TcpMessaging
LogPluginManager: Mounting plugin UdpMessaging
LogPluginManager: Mounting plugin ActorSequence
LogPluginManager: Mounting plugin LevelSequenceEditor
LogPluginManager: Mounting plugin MatineeToLevelSequence
LogPluginManager: Mounting plugin NetcodeUnitTest
LogPluginManager: Mounting plugin NUTUnrealEngine4
LogPluginManager: Mounting plugin OnlineSubsystemGooglePlay
LogPluginManager: Mounting plugin OnlineSubsystemIOS
LogPluginManager: Mounting plugin OnlineSubsystem
LogPluginManager: Mounting plugin OnlineSubsystemNull
LogPluginManager: Mounting plugin OnlineSubsystemUtils
LogPluginManager: Mounting plugin LauncherChunkInstaller
LogPluginManager: Mounting plugin AndroidDeviceProfileSelector
LogPluginManager: Mounting plugin AndroidMoviePlayer
LogPluginManager: Mounting plugin AndroidPermission
LogPluginManager: Mounting plugin AppleMoviePlayer
LogPluginManager: Mounting plugin ArchVisCharacter
LogPluginManager: Mounting plugin AudioCapture
LogPluginManager: Mounting plugin CableComponent
LogPluginManager: Mounting plugin CustomMeshComponent
LogPluginManager: Mounting plugin EditableMesh
LogPluginManager: Mounting plugin ExampleDeviceProfileSelector
LogPluginManager: Mounting plugin Firebase
LogPluginManager: Mounting plugin GoogleCloudMessaging
LogPluginManager: Mounting plugin IOSDeviceProfileSelector
LogPluginManager: Mounting plugin LinuxDeviceProfileSelector
LogPluginManager: Mounting plugin LocationServicesBPLibrary
LogPluginManager: Mounting plugin MobilePatchingUtils
LogPluginManager: Mounting plugin OculusVR
LogPluginManager: Mounting plugin PhysXVehicles
LogPluginManager: Mounting plugin ProceduralMeshComponent
LogPluginManager: Mounting plugin RuntimePhysXCooking
LogPluginManager: Mounting plugin SteamVR
LogPluginManager: Mounting plugin WebMMoviePlayer
LogPluginManager: Mounting plugin WindowsMoviePlayer
LogStreaming: Display: Took  0.091s to configure plugins.
LogInit: Using libcurl 7.55.1-DEV
LogInit:  - built for x86_64-pc-win32
LogInit:  - supports SSL with OpenSSL/1.0.2h
LogInit:  - supports HTTP deflate (compression) using libz 1.2.8
LogInit:  - other features:
LogInit:      CURL_VERSION_SSL
LogInit:      CURL_VERSION_LIBZ
LogInit:      CURL_VERSION_IPV6
LogInit:      CURL_VERSION_ASYNCHDNS
LogInit:      CURL_VERSION_LARGEFILE
LogInit:      CURL_VERSION_IDN
LogInit:  CurlRequestOptions (configurable via config and command line):
LogInit:  - bVerifyPeer = true  - Libcurl will verify peer certificate
LogInit:  - bUseHttpProxy = false  - Libcurl will NOT use HTTP proxy
LogInit:  - bDontReuseConnections = false  - Libcurl will reuse connections
LogInit:  - MaxHostConnections = 16  - Libcurl will limit the number of connections to a host
LogInit:  - LocalHostAddr = Default
LogInit:  - BufferSize = 65536
LogInit: WinSock: version 1.1 (2.2), MaxSocks=32767, MaxUdp=65467
LogInit: Build: ++UE4+Release-4.21-CL-4541578
LogInit: Engine Version: 4.21.0-4541578+++UE4+Release-4.21
LogInit: Compatible Engine Version: 4.21.0-4541578+++UE4+Release-4.21
LogInit: Net CL: 4541578
LogInit: OS: Windows 10 (), CPU: Intel(R) Core(TM) i5-4670K CPU @ 3.40GHz, GPU: NVIDIA GeForce GTX 970
LogInit: Compiled (64-bit): Nov  6 2018 02:04:24
LogInit: Compiled with Visual C++: 19.13.26129.00
LogInit: Build Configuration: Development
LogInit: Branch Name: ++UE4+Release-4.21
LogInit: Command Line: 
LogInit: Base Directory: D:/Program Files (x86)/UE_4.21/Engine/Binaries/Win64/
LogInit: Installed Engine Build: 1
LogDevObjectVersion: Number of dev versions registered: 22
LogDevObjectVersion:   Dev-Blueprints (B0D832E4-1F89-4F0D-ACCF-7EB736FD4AA2): 10
LogDevObjectVersion:   Dev-Build (E1C64328-A22C-4D53-A36C-8E866417BD8C): 0
LogDevObjectVersion:   Dev-Core (375EC13C-06E4-48FB-B500-84F0262A717E): 2
LogDevObjectVersion:   Dev-Editor (E4B068ED-F494-42E9-A231-DA0B2E46BB41): 26
LogDevObjectVersion:   Dev-Framework (CFFC743F-43B0-4480-9391-14DF171D2073): 34
LogDevObjectVersion:   Dev-Mobile (B02B49B5-BB20-44E9-A304-32B752E40360): 2
LogDevObjectVersion:   Dev-Networking (A4E4105C-59A1-49B5-A7C5-40C4547EDFEE): 0
LogDevObjectVersion:   Dev-Online (39C831C9-5AE6-47DC-9A44-9C173E1C8E7C): 0
LogDevObjectVersion:   Dev-Physics (78F01B33-EBEA-4F98-B9B4-84EACCB95AA2): 0
LogDevObjectVersion:   Dev-Platform (6631380F-2D4D-43E0-8009-CF276956A95A): 0
LogDevObjectVersion:   Dev-Rendering (12F88B9F-8875-4AFC-A67C-D90C383ABD29): 27
LogDevObjectVersion:   Dev-Sequencer (7B5AE74C-D270-4C10-A958-57980B212A5A): 9
LogDevObjectVersion:   Dev-VR (D7296918-1DD6-4BDD-9DE2-64A83CC13884): 2
LogDevObjectVersion:   Dev-LoadTimes (C2A15278-BFE7-4AFE-6C17-90FF531DF755): 1
LogDevObjectVersion:   Private-Geometry (6EACA3D4-40EC-4CC1-B786-8BED09428FC5): 3
LogDevObjectVersion:   Dev-AnimPhys (29E575DD-E0A3-4627-9D10-D276232CDCEA): 17
LogDevObjectVersion:   Dev-Anim (AF43A65D-7FD3-4947-9873-3E8ED9C1BB05): 2
LogDevObjectVersion:   Dev-ReflectionCapture (6B266CEC-1EC7-4B8F-A30B-E4D90942FC07): 1
LogDevObjectVersion:   Dev-Automation (0DF73D61-A23F-47EA-B727-89E90C41499A): 1
LogDevObjectVersion:   FortniteMain (601D1886-AC64-4F84-AA16-D3DE0DEAC7D6): 17
LogDevObjectVersion:   Dev-Enterprise (9DFFBCD6-494F-0158-E221-12823C92A888): 4
LogDevObjectVersion:   Dev-Niagara (F2AED0AC-9AFE-416F-8664-AA7FFA26D6FC): 1
LogStreaming: Display: Took  0.003s to delete old logs.
LogInit: Presizing for max 8388607 objects, including 0 objects not considered by GC, pre-allocating 0 bytes for permanent pool.
LogInit: Object subsystem initialized
LogConfig: Setting CVar [[con.DebugEarlyDefault:1]]
LogConfig: Setting CVar [[r.setres:1280x720]]
[2018.12.24-03.44.56:067][  0]LogConfig: Setting CVar [[r.VSync:0]]
[2018.12.24-03.44.56:067][  0]LogConfig: Setting CVar [[r.RHICmdBypass:0]]
[2018.12.24-03.44.56:068][  0]LogConfig: Applying CVar settings from Section [/Script/Engine.RendererSettings] File [C:/Users/irosa/Downloads/BananaCollectorStarter/CrossyRoad/Saved/Config/Windows/Engine.ini]
[2018.12.24-03.44.56:068][  0]LogConfig: Setting CVar [[r.GPUCrashDebugging:0]]
[2018.12.24-03.44.56:068][  0]LogConfig: Applying CVar settings from Section [/Script/Engine.RendererOverrideSettings] File [C:/Users/irosa/Downloads/BananaCollectorStarter/CrossyRoad/Saved/Config/Windows/Engine.ini]
[2018.12.24-03.44.56:068][  0]LogConfig: Applying CVar settings from Section [/Script/Engine.StreamingSettings] File [C:/Users/irosa/Downloads/BananaCollectorStarter/CrossyRoad/Saved/Config/Windows/Engine.ini]
[2018.12.24-03.44.56:068][  0]LogConfig: Setting CVar [[s.MinBulkDataSizeForAsyncLoading:131072]]
[2018.12.24-03.44.56:068][  0]LogConfig: Setting CVar [[s.AsyncLoadingThreadEnabled:0]]
[2018.12.24-03.44.56:068][  0]LogConfig: Setting CVar [[s.EventDrivenLoaderEnabled:1]]
[2018.12.24-03.44.56:068][  0]LogConfig: Setting CVar [[s.WarnIfTimeLimitExceeded:0]]
[2018.12.24-03.44.56:068][  0]LogConfig: Setting CVar [[s.TimeLimitExceededMultiplier:1.5]]
[2018.12.24-03.44.56:068][  0]LogConfig: Setting CVar [[s.TimeLimitExceededMinTime:0.005]]
[2018.12.24-03.44.56:068][  0]LogConfig: Setting CVar [[s.UseBackgroundLevelStreaming:1]]
[2018.12.24-03.44.56:068][  0]LogConfig: Setting CVar [[s.PriorityAsyncLoadingExtraTime:15.0]]
[2018.12.24-03.44.56:068][  0]LogConfig: Setting CVar [[s.LevelStreamingActorsUpdateTimeLimit:5.0]]
[2018.12.24-03.44.56:068][  0]LogConfig: Setting CVar [[s.PriorityLevelStreamingActorsUpdateExtraTime:5.0]]
[2018.12.24-03.44.56:068][  0]LogConfig: Setting CVar [[s.LevelStreamingComponentsRegistrationGranularity:10]]
[2018.12.24-03.44.56:068][  0]LogConfig: Setting CVar [[s.UnregisterComponentsTimeLimit:1.0]]
[2018.12.24-03.44.56:068][  0]LogConfig: Setting CVar [[s.LevelStreamingComponentsUnregistrationGranularity:5]]
[2018.12.24-03.44.56:068][  0]LogConfig: Applying CVar settings from Section [/Script/Engine.GarbageCollectionSettings] File [C:/Users/irosa/Downloads/BananaCollectorStarter/CrossyRoad/Saved/Config/Windows/Engine.ini]
[2018.12.24-03.44.56:068][  0]LogConfig: Setting CVar [[gc.MaxObjectsNotConsideredByGC:1]]
[2018.12.24-03.44.56:068][  0]LogConfig: Setting CVar [[gc.SizeOfPermanentObjectPool:0]]
[2018.12.24-03.44.56:068][  0]LogConfig: Setting CVar [[gc.FlushStreamingOnGC:0]]
[2018.12.24-03.44.56:068][  0]LogConfig: Setting CVar [[gc.NumRetriesBeforeForcingGC:10]]
[2018.12.24-03.44.56:068][  0]LogConfig: Setting CVar [[gc.AllowParallelGC:1]]
[2018.12.24-03.44.56:068][  0]LogConfig: Setting CVar [[gc.TimeBetweenPurgingPendingKillObjects:61.1]]
[2018.12.24-03.44.56:068][  0]LogConfig: Setting CVar [[gc.MaxObjectsInEditor:8388607]]
[2018.12.24-03.44.56:068][  0]LogConfig: Setting CVar [[gc.IncrementalBeginDestroyEnabled:1]]
[2018.12.24-03.44.56:069][  0]LogConfig: Setting CVar [[gc.CreateGCClusters:1]]
[2018.12.24-03.44.56:069][  0]LogConfig: Setting CVar [[gc.MergeGCClusters:0]]
[2018.12.24-03.44.56:069][  0]LogConfig: Setting CVar [[gc.MinGCClusterSize:5]]
[2018.12.24-03.44.56:069][  0]LogConfig: Setting CVar [[gc.ActorClusteringEnabled:0]]
[2018.12.24-03.44.56:069][  0]LogConfig: Setting CVar [[gc.BlueprintClusteringEnabled:0]]
[2018.12.24-03.44.56:069][  0]LogConfig: Setting CVar [[gc.UseDisregardForGCOnDedicatedServers:0]]
[2018.12.24-03.44.56:069][  0]LogConfig: Applying CVar settings from Section [/Script/Engine.NetworkSettings] File [C:/Users/irosa/Downloads/BananaCollectorStarter/CrossyRoad/Saved/Config/Windows/Engine.ini]
[2018.12.24-03.44.56:069][  0]LogConfig: Applying CVar settings from Section [/Script/UnrealEd.CookerSettings] File [C:/Users/irosa/Downloads/BananaCollectorStarter/CrossyRoad/Saved/Config/Windows/Engine.ini]
[2018.12.24-03.44.56:113][  0]LogConfig: Applying CVar settings from Section [ViewDistanceQuality@3] File [C:/Users/irosa/Downloads/BananaCollectorStarter/CrossyRoad/Saved/Config/Windows/Scalability.ini]
[2018.12.24-03.44.56:113][  0]LogConfig: Setting CVar [[r.SkeletalMeshLODBias:0]]
[2018.12.24-03.44.56:113][  0]LogConfig: Setting CVar [[r.ViewDistanceScale:1.0]]
[2018.12.24-03.44.56:113][  0]LogConfig: Applying CVar settings from Section [AntiAliasingQuality@3] File [C:/Users/irosa/Downloads/BananaCollectorStarter/CrossyRoad/Saved/Config/Windows/Scalability.ini]
[2018.12.24-03.44.56:113][  0]LogConfig: Setting CVar [[r.PostProcessAAQuality:4]]
[2018.12.24-03.44.56:113][  0]LogConfig: Applying CVar settings from Section [ShadowQuality@3] File [C:/Users/irosa/Downloads/BananaCollectorStarter/CrossyRoad/Saved/Config/Windows/Scalability.ini]
[2018.12.24-03.44.56:113][  0]LogConfig: Setting CVar [[r.LightFunctionQuality:1]]
[2018.12.24-03.44.56:113][  0]LogConfig: Setting CVar [[r.ShadowQuality:5]]
[2018.12.24-03.44.56:113][  0]LogConfig: Setting CVar [[r.Shadow.CSM.MaxCascades:10]]
[2018.12.24-03.44.56:113][  0]LogConfig: Setting CVar [[r.Shadow.MaxResolution:2048]]
[2018.12.24-03.44.56:113][  0]LogConfig: Setting CVar [[r.Shadow.MaxCSMResolution:2048]]
[2018.12.24-03.44.56:113][  0]LogConfig: Setting CVar [[r.Shadow.RadiusThreshold:0.01]]
[2018.12.24-03.44.56:113][  0]LogConfig: Setting CVar [[r.Shadow.DistanceScale:1.0]]
[2018.12.24-03.44.56:113][  0]LogConfig: Setting CVar [[r.Shadow.CSM.TransitionScale:1.0]]
[2018.12.24-03.44.56:113][  0]LogConfig: Setting CVar [[r.Shadow.PreShadowResolutionFactor:1.0]]
[2018.12.24-03.44.56:114][  0]LogConfig: Setting CVar [[r.DistanceFieldShadowing:1]]
[2018.12.24-03.44.56:114][  0]LogConfig: Setting CVar [[r.DistanceFieldAO:1]]
[2018.12.24-03.44.56:114][  0]LogConfig: Setting CVar [[r.AOQuality:2]]
[2018.12.24-03.44.56:114][  0]LogConfig: Setting CVar [[r.VolumetricFog:1]]
[2018.12.24-03.44.56:114][  0]LogConfig: Setting CVar [[r.VolumetricFog.GridPixelSize:8]]
[2018.12.24-03.44.56:114][  0]LogConfig: Setting CVar [[r.VolumetricFog.GridSizeZ:128]]
[2018.12.24-03.44.56:114][  0]LogConfig: Setting CVar [[r.VolumetricFog.HistoryMissSupersampleCount:4]]
[2018.12.24-03.44.56:114][  0]LogConfig: Setting CVar [[r.LightMaxDrawDistanceScale:1]]
[2018.12.24-03.44.56:114][  0]LogConfig: Setting CVar [[r.CapsuleShadows:1]]
[2018.12.24-03.44.56:114][  0]LogConfig: Applying CVar settings from Section [PostProcessQuality@3] File [C:/Users/irosa/Downloads/BananaCollectorStarter/CrossyRoad/Saved/Config/Windows/Scalability.ini]
[2018.12.24-03.44.56:114][  0]LogConfig: Setting CVar [[r.MotionBlurQuality:4]]
[2018.12.24-03.44.56:114][  0]LogConfig: Setting CVar [[r.AmbientOcclusionMipLevelFactor:0.4]]
[2018.12.24-03.44.56:114][  0]LogConfig: Setting CVar [[r.AmbientOcclusionMaxQuality:100]]
[2018.12.24-03.44.56:114][  0]LogConfig: Setting CVar [[r.AmbientOcclusionLevels:-1]]
[2018.12.24-03.44.56:114][  0]LogConfig: Setting CVar [[r.AmbientOcclusionRadiusScale:1.0]]
[2018.12.24-03.44.56:114][  0]LogConfig: Setting CVar [[r.DepthOfFieldQuality:2]]
[2018.12.24-03.44.56:114][  0]LogConfig: Setting CVar [[r.RenderTargetPoolMin:400]]
[2018.12.24-03.44.56:114][  0]LogConfig: Setting CVar [[r.LensFlareQuality:2]]
[2018.12.24-03.44.56:114][  0]LogConfig: Setting CVar [[r.SceneColorFringeQuality:1]]
[2018.12.24-03.44.56:114][  0]LogConfig: Setting CVar [[r.EyeAdaptationQuality:2]]
[2018.12.24-03.44.56:114][  0]LogConfig: Setting CVar [[r.BloomQuality:5]]
[2018.12.24-03.44.56:114][  0]LogConfig: Setting CVar [[r.FastBlurThreshold:100]]
[2018.12.24-03.44.56:114][  0]LogConfig: Setting CVar [[r.Upscale.Quality:3]]
[2018.12.24-03.44.56:114][  0]LogConfig: Setting CVar [[r.Tonemapper.GrainQuantization:1]]
[2018.12.24-03.44.56:114][  0]LogConfig: Setting CVar [[r.LightShaftQuality:1]]
[2018.12.24-03.44.56:114][  0]LogConfig: Setting CVar [[r.Filter.SizeScale:1]]
[2018.12.24-03.44.56:114][  0]LogConfig: Setting CVar [[r.Tonemapper.Quality:5]]
[2018.12.24-03.44.56:114][  0]LogConfig: Setting CVar [[r.DOF.Gather.AccumulatorQuality:1        ; higher gathering accumulator quality]]
[2018.12.24-03.44.56:115][  0]LogConfig: Setting CVar [[r.DOF.Gather.PostfilterMethod:1          ; Median3x3 postfilering method]]
[2018.12.24-03.44.56:115][  0]LogConfig: Setting CVar [[r.DOF.Gather.EnableBokehSettings:0       ; no bokeh simulation when gathering]]
[2018.12.24-03.44.56:115][  0]LogConfig: Setting CVar [[r.DOF.Gather.RingCount:4                 ; medium number of samples when gathering]]
[2018.12.24-03.44.56:115][  0]LogConfig: Setting CVar [[r.DOF.Scatter.ForegroundCompositing:1    ; additive foreground scattering]]
[2018.12.24-03.44.56:115][  0]LogConfig: Setting CVar [[r.DOF.Scatter.BackgroundCompositing:2    ; additive background scattering]]
[2018.12.24-03.44.56:115][  0]LogConfig: Setting CVar [[r.DOF.Scatter.EnableBokehSettings:1      ; bokeh simulation when scattering]]
[2018.12.24-03.44.56:115][  0]LogConfig: Setting CVar [[r.DOF.Scatter.MaxSpriteRatio:0.1         ; only a maximum of 10% of scattered bokeh]]
[2018.12.24-03.44.56:115][  0]LogConfig: Setting CVar [[r.DOF.Recombine.Quality:1                ; cheap slight out of focus]]
[2018.12.24-03.44.56:115][  0]LogConfig: Setting CVar [[r.DOF.Recombine.EnableBokehSettings:0    ; no bokeh simulation on slight out of focus]]
[2018.12.24-03.44.56:115][  0]LogConfig: Setting CVar [[r.DOF.TemporalAAQuality:1                ; more stable temporal accumulation]]
[2018.12.24-03.44.56:115][  0]LogConfig: Setting CVar [[r.DOF.Kernel.MaxForegroundRadius:0.025]]
[2018.12.24-03.44.56:115][  0]LogConfig: Setting CVar [[r.DOF.Kernel.MaxBackgroundRadius:0.025]]
[2018.12.24-03.44.56:115][  0]LogConfig: Applying CVar settings from Section [TextureQuality@3] File [C:/Users/irosa/Downloads/BananaCollectorStarter/CrossyRoad/Saved/Config/Windows/Scalability.ini]
[2018.12.24-03.44.56:115][  0]LogConfig: Setting CVar [[r.Streaming.MipBias:0]]
[2018.12.24-03.44.56:115][  0]LogConfig: Setting CVar [[r.Streaming.AmortizeCPUToGPUCopy:0]]
[2018.12.24-03.44.56:115][  0]LogConfig: Setting CVar [[r.Streaming.MaxNumTexturesToStreamPerFrame:0]]
[2018.12.24-03.44.56:115][  0]LogConfig: Setting CVar [[r.Streaming.Boost:1]]
[2018.12.24-03.44.56:115][  0]LogConfig: Setting CVar [[r.MaxAnisotropy:8]]
[2018.12.24-03.44.56:115][  0]LogConfig: Setting CVar [[r.Streaming.LimitPoolSizeToVRAM:0]]
[2018.12.24-03.44.56:115][  0]LogConfig: Setting CVar [[r.Streaming.PoolSize:1000]]
[2018.12.24-03.44.56:115][  0]LogConfig: Setting CVar [[r.Streaming.MaxEffectiveScreenSize:0]]
[2018.12.24-03.44.56:115][  0]LogConfig: Applying CVar settings from Section [EffectsQuality@3] File [C:/Users/irosa/Downloads/BananaCollectorStarter/CrossyRoad/Saved/Config/Windows/Scalability.ini]
[2018.12.24-03.44.56:115][  0]LogConfig: Setting CVar [[r.TranslucencyLightingVolumeDim:64]]
[2018.12.24-03.44.56:115][  0]LogConfig: Setting CVar [[r.RefractionQuality:2]]
[2018.12.24-03.44.56:115][  0]LogConfig: Setting CVar [[r.SSR.Quality:3]]
[2018.12.24-03.44.56:115][  0]LogConfig: Setting CVar [[r.SceneColorFormat:4]]
[2018.12.24-03.44.56:115][  0]LogConfig: Setting CVar [[r.DetailMode:2]]
[2018.12.24-03.44.56:116][  0]LogConfig: Setting CVar [[r.TranslucencyVolumeBlur:1]]
[2018.12.24-03.44.56:116][  0]LogConfig: Setting CVar [[r.MaterialQualityLevel:1 ; High quality]]
[2018.12.24-03.44.56:116][  0]LogConfig: Setting CVar [[r.SSS.Scale:1]]
[2018.12.24-03.44.56:116][  0]LogConfig: Setting CVar [[r.SSS.SampleSet:2]]
[2018.12.24-03.44.56:116][  0]LogConfig: Setting CVar [[r.SSS.Quality:1]]
[2018.12.24-03.44.56:116][  0]LogConfig: Setting CVar [[r.SSS.HalfRes:1]]
[2018.12.24-03.44.56:116][  0]LogConfig: Setting CVar [[r.EmitterSpawnRateScale:1.0]]
[2018.12.24-03.44.56:116][  0]LogConfig: Setting CVar [[r.ParticleLightQuality:2]]
[2018.12.24-03.44.56:116][  0]LogConfig: Applying CVar settings from Section [FoliageQuality@3] File [C:/Users/irosa/Downloads/BananaCollectorStarter/CrossyRoad/Saved/Config/Windows/Scalability.ini]
[2018.12.24-03.44.56:116][  0]LogConfig: Setting CVar [[foliage.DensityScale:1.0]]
[2018.12.24-03.44.56:116][  0]LogConfig: Setting CVar [[grass.DensityScale:1.0]]
[2018.12.24-03.44.56:116][  0]LogInit: Selected Device Profile: [Windows]
[2018.12.24-03.44.56:116][  0]LogInit: Applying CVar settings loaded from the selected device profile: [Windows]
[2018.12.24-03.44.56:139][  0]LogHAL: Display: Platform has ~ 16 GB [17107767296 / 17179869184 / 16], which maps to Larger [LargestMinGB=32, LargerMinGB=12, DefaultMinGB=8, SmallerMinGB=6, SmallestMinGB=0)
[2018.12.24-03.44.56:139][  0]LogConfig: Setting CVar [[r.Vulkan.UseRealUBs:1]]
[2018.12.24-03.44.56:140][  0]LogInit: Going up to parent DeviceProfile []
[2018.12.24-03.44.56:140][  0]LogConfig: Applying CVar settings from Section [ViewDistanceQuality@3] File [C:/Users/irosa/Downloads/BananaCollectorStarter/CrossyRoad/Saved/Config/Windows/Scalability.ini]
[2018.12.24-03.44.56:140][  0]LogConfig: Setting CVar [[r.SkeletalMeshLODBias:0]]
[2018.12.24-03.44.56:140][  0]LogConfig: Setting CVar [[r.ViewDistanceScale:1.0]]
[2018.12.24-03.44.56:140][  0]LogConfig: Applying CVar settings from Section [AntiAliasingQuality@3] File [C:/Users/irosa/Downloads/BananaCollectorStarter/CrossyRoad/Saved/Config/Windows/Scalability.ini]
[2018.12.24-03.44.56:140][  0]LogConfig: Setting CVar [[r.PostProcessAAQuality:4]]
[2018.12.24-03.44.56:140][  0]LogConfig: Applying CVar settings from Section [ShadowQuality@3] File [C:/Users/irosa/Downloads/BananaCollectorStarter/CrossyRoad/Saved/Config/Windows/Scalability.ini]
[2018.12.24-03.44.56:140][  0]LogConfig: Setting CVar [[r.LightFunctionQuality:1]]
[2018.12.24-03.44.56:140][  0]LogConfig: Setting CVar [[r.ShadowQuality:5]]
[2018.12.24-03.44.56:140][  0]LogConfig: Setting CVar [[r.Shadow.CSM.MaxCascades:10]]
[2018.12.24-03.44.56:140][  0]LogConfig: Setting CVar [[r.Shadow.MaxResolution:2048]]
[2018.12.24-03.44.56:140][  0]LogConfig: Setting CVar [[r.Shadow.MaxCSMResolution:2048]]
[2018.12.24-03.44.56:140][  0]LogConfig: Setting CVar [[r.Shadow.RadiusThreshold:0.01]]
[2018.12.24-03.44.56:140][  0]LogConfig: Setting CVar [[r.Shadow.DistanceScale:1.0]]
[2018.12.24-03.44.56:140][  0]LogConfig: Setting CVar [[r.Shadow.CSM.TransitionScale:1.0]]
[2018.12.24-03.44.56:140][  0]LogConfig: Setting CVar [[r.Shadow.PreShadowResolutionFactor:1.0]]
[2018.12.24-03.44.56:140][  0]LogConfig: Setting CVar [[r.DistanceFieldShadowing:1]]
[2018.12.24-03.44.56:140][  0]LogConfig: Setting CVar [[r.DistanceFieldAO:1]]
[2018.12.24-03.44.56:140][  0]LogConfig: Setting CVar [[r.AOQuality:2]]
[2018.12.24-03.44.56:140][  0]LogConfig: Setting CVar [[r.VolumetricFog:1]]
[2018.12.24-03.44.56:140][  0]LogConfig: Setting CVar [[r.VolumetricFog.GridPixelSize:8]]
[2018.12.24-03.44.56:140][  0]LogConfig: Setting CVar [[r.VolumetricFog.GridSizeZ:128]]
[2018.12.24-03.44.56:140][  0]LogConfig: Setting CVar [[r.VolumetricFog.HistoryMissSupersampleCount:4]]
[2018.12.24-03.44.56:140][  0]LogConfig: Setting CVar [[r.LightMaxDrawDistanceScale:1]]
[2018.12.24-03.44.56:140][  0]LogConfig: Setting CVar [[r.CapsuleShadows:1]]
[2018.12.24-03.44.56:140][  0]LogConfig: Applying CVar settings from Section [PostProcessQuality@3] File [C:/Users/irosa/Downloads/BananaCollectorStarter/CrossyRoad/Saved/Config/Windows/Scalability.ini]
[2018.12.24-03.44.56:140][  0]LogConfig: Setting CVar [[r.MotionBlurQuality:4]]
[2018.12.24-03.44.56:140][  0]LogConfig: Setting CVar [[r.AmbientOcclusionMipLevelFactor:0.4]]
[2018.12.24-03.44.56:140][  0]LogConfig: Setting CVar [[r.AmbientOcclusionMaxQuality:100]]
[2018.12.24-03.44.56:140][  0]LogConfig: Setting CVar [[r.AmbientOcclusionLevels:-1]]
[2018.12.24-03.44.56:140][  0]LogConfig: Setting CVar [[r.AmbientOcclusionRadiusScale:1.0]]
[2018.12.24-03.44.56:140][  0]LogConfig: Setting CVar [[r.DepthOfFieldQuality:2]]
[2018.12.24-03.44.56:140][  0]LogConfig: Setting CVar [[r.RenderTargetPoolMin:400]]
[2018.12.24-03.44.56:140][  0]LogConfig: Setting CVar [[r.LensFlareQuality:2]]
[2018.12.24-03.44.56:140][  0]LogConfig: Setting CVar [[r.SceneColorFringeQuality:1]]
[2018.12.24-03.44.56:140][  0]LogConfig: Setting CVar [[r.EyeAdaptationQuality:2]]
[2018.12.24-03.44.56:140][  0]LogConfig: Setting CVar [[r.BloomQuality:5]]
[2018.12.24-03.44.56:140][  0]LogConfig: Setting CVar [[r.FastBlurThreshold:100]]
[2018.12.24-03.44.56:140][  0]LogConfig: Setting CVar [[r.Upscale.Quality:3]]
[2018.12.24-03.44.56:140][  0]LogConfig: Setting CVar [[r.Tonemapper.GrainQuantization:1]]
[2018.12.24-03.44.56:140][  0]LogConfig: Setting CVar [[r.LightShaftQuality:1]]
[2018.12.24-03.44.56:140][  0]LogConfig: Setting CVar [[r.Filter.SizeScale:1]]
[2018.12.24-03.44.56:140][  0]LogConfig: Setting CVar [[r.Tonemapper.Quality:5]]
[2018.12.24-03.44.56:140][  0]LogConfig: Setting CVar [[r.DOF.Gather.AccumulatorQuality:1        ; higher gathering accumulator quality]]
[2018.12.24-03.44.56:140][  0]LogConfig: Setting CVar [[r.DOF.Gather.PostfilterMethod:1          ; Median3x3 postfilering method]]
[2018.12.24-03.44.56:141][  0]LogConfig: Setting CVar [[r.DOF.Gather.EnableBokehSettings:0       ; no bokeh simulation when gathering]]
[2018.12.24-03.44.56:141][  0]LogConfig: Setting CVar [[r.DOF.Gather.RingCount:4                 ; medium number of samples when gathering]]
[2018.12.24-03.44.56:141][  0]LogConfig: Setting CVar [[r.DOF.Scatter.ForegroundCompositing:1    ; additive foreground scattering]]
[2018.12.24-03.44.56:141][  0]LogConfig: Setting CVar [[r.DOF.Scatter.BackgroundCompositing:2    ; additive background scattering]]
[2018.12.24-03.44.56:141][  0]LogConfig: Setting CVar [[r.DOF.Scatter.EnableBokehSettings:1      ; bokeh simulation when scattering]]
[2018.12.24-03.44.56:141][  0]LogConfig: Setting CVar [[r.DOF.Scatter.MaxSpriteRatio:0.1         ; only a maximum of 10% of scattered bokeh]]
[2018.12.24-03.44.56:141][  0]LogConfig: Setting CVar [[r.DOF.Recombine.Quality:1                ; cheap slight out of focus]]
[2018.12.24-03.44.56:141][  0]LogConfig: Setting CVar [[r.DOF.Recombine.EnableBokehSettings:0    ; no bokeh simulation on slight out of focus]]
[2018.12.24-03.44.56:141][  0]LogConfig: Setting CVar [[r.DOF.TemporalAAQuality:1                ; more stable temporal accumulation]]
[2018.12.24-03.44.56:141][  0]LogConfig: Setting CVar [[r.DOF.Kernel.MaxForegroundRadius:0.025]]
[2018.12.24-03.44.56:141][  0]LogConfig: Setting CVar [[r.DOF.Kernel.MaxBackgroundRadius:0.025]]
[2018.12.24-03.44.56:141][  0]LogConfig: Applying CVar settings from Section [TextureQuality@3] File [C:/Users/irosa/Downloads/BananaCollectorStarter/CrossyRoad/Saved/Config/Windows/Scalability.ini]
[2018.12.24-03.44.56:141][  0]LogConfig: Setting CVar [[r.Streaming.MipBias:0]]
[2018.12.24-03.44.56:141][  0]LogConfig: Setting CVar [[r.Streaming.AmortizeCPUToGPUCopy:0]]
[2018.12.24-03.44.56:141][  0]LogConfig: Setting CVar [[r.Streaming.MaxNumTexturesToStreamPerFrame:0]]
[2018.12.24-03.44.56:141][  0]LogConfig: Setting CVar [[r.Streaming.Boost:1]]
[2018.12.24-03.44.56:141][  0]LogConfig: Setting CVar [[r.MaxAnisotropy:8]]
[2018.12.24-03.44.56:141][  0]LogConfig: Setting CVar [[r.Streaming.LimitPoolSizeToVRAM:0]]
[2018.12.24-03.44.56:141][  0]LogConfig: Setting CVar [[r.Streaming.PoolSize:1000]]
[2018.12.24-03.44.56:141][  0]LogConfig: Setting CVar [[r.Streaming.MaxEffectiveScreenSize:0]]
[2018.12.24-03.44.56:141][  0]LogConfig: Applying CVar settings from Section [EffectsQuality@3] File [C:/Users/irosa/Downloads/BananaCollectorStarter/CrossyRoad/Saved/Config/Windows/Scalability.ini]
[2018.12.24-03.44.56:141][  0]LogConfig: Setting CVar [[r.TranslucencyLightingVolumeDim:64]]
[2018.12.24-03.44.56:141][  0]LogConfig: Setting CVar [[r.RefractionQuality:2]]
[2018.12.24-03.44.56:141][  0]LogConfig: Setting CVar [[r.SSR.Quality:3]]
[2018.12.24-03.44.56:141][  0]LogConfig: Setting CVar [[r.SceneColorFormat:4]]
[2018.12.24-03.44.56:141][  0]LogConfig: Setting CVar [[r.DetailMode:2]]
[2018.12.24-03.44.56:141][  0]LogConfig: Setting CVar [[r.TranslucencyVolumeBlur:1]]
[2018.12.24-03.44.56:141][  0]LogConfig: Setting CVar [[r.MaterialQualityLevel:1 ; High quality]]
[2018.12.24-03.44.56:141][  0]LogConfig: Setting CVar [[r.SSS.Scale:1]]
[2018.12.24-03.44.56:141][  0]LogConfig: Setting CVar [[r.SSS.SampleSet:2]]
[2018.12.24-03.44.56:141][  0]LogConfig: Setting CVar [[r.SSS.Quality:1]]
[2018.12.24-03.44.56:141][  0]LogConfig: Setting CVar [[r.SSS.HalfRes:1]]
[2018.12.24-03.44.56:141][  0]LogConfig: Setting CVar [[r.EmitterSpawnRateScale:1.0]]
[2018.12.24-03.44.56:141][  0]LogConfig: Setting CVar [[r.ParticleLightQuality:2]]
[2018.12.24-03.44.56:141][  0]LogConfig: Applying CVar settings from Section [FoliageQuality@3] File [C:/Users/irosa/Downloads/BananaCollectorStarter/CrossyRoad/Saved/Config/Windows/Scalability.ini]
[2018.12.24-03.44.56:141][  0]LogConfig: Setting CVar [[foliage.DensityScale:1.0]]
[2018.12.24-03.44.56:141][  0]LogConfig: Setting CVar [[grass.DensityScale:1.0]]
[2018.12.24-03.44.56:141][  0]LogConfig: Applying CVar settings from Section [Startup] File [../../../Engine/Config/ConsoleVariables.ini]
[2018.12.24-03.44.56:142][  0]LogConfig: Setting CVar [[net.UseAdaptiveNetUpdateFrequency:0]]
[2018.12.24-03.44.56:142][  0]LogConfig: Applying CVar settings from Section [ConsoleVariables] File [C:/Users/irosa/Downloads/BananaCollectorStarter/CrossyRoad/Saved/Config/Windows/Engine.ini]
[2018.12.24-03.44.56:142][  0]LogInit: Computer: IVANS-DESKTOP
[2018.12.24-03.44.56:142][  0]LogInit: User: irosa
[2018.12.24-03.44.56:142][  0]LogInit: CPU Page size=4096, Cores=4
[2018.12.24-03.44.56:142][  0]LogInit: High frequency timer resolution =3.320309 MHz
[2018.12.24-03.44.56:143][  0]LogMemory: Memory total: Physical=15.9GB (16GB approx)
[2018.12.24-03.44.56:143][  0]LogMemory: Platform Memory Stats for Windows
[2018.12.24-03.44.56:143][  0]LogMemory: Process Physical Memory: 103.07 MB used, 103.07 MB peak
[2018.12.24-03.44.56:143][  0]LogMemory: Process Virtual Memory: 92.84 MB used, 92.84 MB peak
[2018.12.24-03.44.56:143][  0]LogMemory: Physical Memory: 6618.16 MB used,  9697.07 MB free, 16315.24 MB total
[2018.12.24-03.44.56:143][  0]LogMemory: Virtual Memory: 4635.96 MB used,  134213088.00 MB free, 134217728.00 MB total
[2018.12.24-03.44.56:430][  0]LogInit: Using OS detected language (en-US).
[2018.12.24-03.44.56:430][  0]LogInit: Using OS detected locale (en-US).
[2018.12.24-03.44.56:432][  0]LogTextLocalizationManager: No specific localization for 'en-US' exists, so the 'en' localization will be used.
[2018.12.24-03.44.56:853][  0]LogStreaming: Display: Took  0.423s to InitEngineTextLocalization.
[2018.12.24-03.44.56:853][  0]LogInit: Setting process to per monitor DPI aware
[2018.12.24-03.44.56:905][  0]LogSlate: New Slate User Created.  User Index 0, Is Virtual User: 0
[2018.12.24-03.44.56:905][  0]LogSlate: Slate User Registered.  User Index 0, Is Virtual User: 0
[2018.12.24-03.44.57:288][  0]LogHMD: Failed to initialize OpenVR with code 101
[2018.12.24-03.44.57:288][  0]LogD3D11RHI: D3D11 adapters:
[2018.12.24-03.44.57:334][  0]LogD3D11RHI:    0. 'NVIDIA GeForce GTX 970' (Feature Level 11_0)
[2018.12.24-03.44.57:334][  0]LogD3D11RHI:       4043/0/8157 MB DedicatedVideo/DedicatedSystem/SharedSystem, Outputs:3, VendorId:0x10de
[2018.12.24-03.44.57:337][  0]LogD3D11RHI:    1. 'Microsoft Basic Render Driver' (Feature Level 11_0)
[2018.12.24-03.44.57:337][  0]LogD3D11RHI:       0/0/8157 MB DedicatedVideo/DedicatedSystem/SharedSystem, Outputs:0, VendorId:0x1414
[2018.12.24-03.44.57:337][  0]LogD3D11RHI: Chosen D3D11 Adapter: 0
[2018.12.24-03.44.57:345][  0]LogD3D11RHI: Creating new Direct3DDevice
[2018.12.24-03.44.57:345][  0]LogD3D11RHI:     GPU DeviceId: 0x13c2 (for the marketing name, search the web for "GPU Device Id")
[2018.12.24-03.44.57:345][  0]LogWindows: EnumDisplayDevices:
[2018.12.24-03.44.57:345][  0]LogWindows:    0. 'NVIDIA GeForce GTX 970' (P:0 D:1)
[2018.12.24-03.44.57:346][  0]LogWindows:    1. 'NVIDIA GeForce GTX 970' (P:0 D:1)
[2018.12.24-03.44.57:346][  0]LogWindows:    2. 'NVIDIA GeForce GTX 970' (P:1 D:1)
[2018.12.24-03.44.57:346][  0]LogWindows:    3. 'NVIDIA GeForce GTX 970' (P:0 D:0)
[2018.12.24-03.44.57:346][  0]LogWindows: DebugString: FoundDriverCount:4 
[2018.12.24-03.44.57:346][  0]LogD3D11RHI:     Adapter Name: NVIDIA GeForce GTX 970
[2018.12.24-03.44.57:346][  0]LogD3D11RHI:   Driver Version: 399.07 (internal:24.21.13.9907, unified:399.07)
[2018.12.24-03.44.57:346][  0]LogD3D11RHI:      Driver Date: 8-21-2018
[2018.12.24-03.44.57:346][  0]LogRHI: Texture pool is 2830 MB (70% of 4043 MB)
[2018.12.24-03.44.57:387][  0]LogD3D11RHI: Async texture creation enabled
[2018.12.24-03.44.57:406][  0]LogD3D11RHI: GPU Timing Frequency: 1000.000000 (Debug: 2 2)
[2018.12.24-03.44.57:824][  0]LogTemp: Display: Loaded TP AllDesktopTargetPlatform
[2018.12.24-03.44.57:838][  0]LogTemp: Display: Loaded TP MacClientTargetPlatform
[2018.12.24-03.44.57:853][  0]LogTemp: Display: Loaded TP MacNoEditorTargetPlatform
[2018.12.24-03.44.57:867][  0]LogTemp: Display: Loaded TP MacServerTargetPlatform
[2018.12.24-03.44.57:882][  0]LogTemp: Display: Loaded TP MacTargetPlatform
[2018.12.24-03.44.57:896][  0]LogTemp: Display: Loaded TP WindowsClientTargetPlatform
[2018.12.24-03.44.57:911][  0]LogTemp: Display: Loaded TP WindowsNoEditorTargetPlatform
[2018.12.24-03.44.57:925][  0]LogTemp: Display: Loaded TP WindowsServerTargetPlatform
[2018.12.24-03.44.57:932][  0]LogTemp: Display: Loaded TP WindowsTargetPlatform
[2018.12.24-03.44.58:006][  0]LogTemp: Display: Loaded TP AndroidTargetPlatform
[2018.12.24-03.44.58:006][  0]LogTemp: Display: Loaded TP AndroidTargetPlatform
[2018.12.24-03.44.58:006][  0]LogTemp: Display: Loaded TP AndroidTargetPlatform
[2018.12.24-03.44.58:006][  0]LogTemp: Display: Loaded TP AndroidTargetPlatform
[2018.12.24-03.44.58:006][  0]LogTemp: Display: Loaded TP AndroidTargetPlatform
[2018.12.24-03.44.58:006][  0]LogTemp: Display: Loaded TP AndroidTargetPlatform
[2018.12.24-03.44.58:006][  0]LogTemp: Display: Loaded TP AndroidTargetPlatform
[2018.12.24-03.44.58:006][  0]LogTemp: Display: Loaded TP AndroidTargetPlatform
[2018.12.24-03.44.58:006][  0]LogTemp: Display: Loaded TP AndroidTargetPlatform
[2018.12.24-03.44.58:006][  0]LogTemp: Display: Loaded TP AndroidTargetPlatform
[2018.12.24-03.44.58:006][  0]LogTemp: Display: Loaded TP AndroidTargetPlatform
[2018.12.24-03.44.58:006][  0]LogTemp: Display: Loaded TP AndroidTargetPlatform
[2018.12.24-03.44.58:006][  0]LogTemp: Display: Loaded TP AndroidTargetPlatform
[2018.12.24-03.44.58:006][  0]LogTemp: Display: Loaded TP AndroidTargetPlatform
[2018.12.24-03.44.58:006][  0]LogTemp: Display: Loaded TP AndroidTargetPlatform
[2018.12.24-03.44.58:006][  0]LogTemp: Display: Loaded TP AndroidTargetPlatform
[2018.12.24-03.44.58:007][  0]LogTemp: Display: Loaded TP AndroidTargetPlatform
[2018.12.24-03.44.58:007][  0]LogTemp: Display: Loaded TP AndroidTargetPlatform
[2018.12.24-03.44.58:008][  0]LogTemp: Display: Loaded TP HTML5TargetPlatform
[2018.12.24-03.44.58:069][  0]LogTemp: Display: Loaded TP IOSTargetPlatform
[2018.12.24-03.44.58:069][  0]LogTemp: Display: Loaded TP IOSTargetPlatform
[2018.12.24-03.44.58:093][  0]LogTemp: Display: Loaded TP TVOSTargetPlatform
[2018.12.24-03.44.58:093][  0]LogTemp: Display: Loaded TP TVOSTargetPlatform
[2018.12.24-03.44.58:106][  0]LogTemp: Display: Loaded TP LinuxClientTargetPlatform
[2018.12.24-03.44.58:119][  0]LogTemp: Display: Loaded TP LinuxNoEditorTargetPlatform
[2018.12.24-03.44.58:132][  0]LogTemp: Display: Loaded TP LinuxServerTargetPlatform
[2018.12.24-03.44.58:146][  0]LogTemp: Display: Loaded TP LinuxTargetPlatform
[2018.12.24-03.44.58:192][  0]LogTemp: Display: Loaded TP LuminTargetPlatform
[2018.12.24-03.44.58:192][  0]LogTemp: Display: Loaded TP LuminTargetPlatform
[2018.12.24-03.44.58:192][  0]LogTargetPlatformManager: Display: Building Assets For Windows
[2018.12.24-03.44.58:266][  0]LogShaderCompilers: Guid format shader working directory is -12 characters bigger than the processId version (C:/Users/irosa/Downloads/BananaCollectorStarter/CrossyRoad/Intermediate/Shaders/WorkingDirectory/6120/).
[2018.12.24-03.44.58:267][  0]LogShaderCompilers: Cleaned the shader compiler working directory 'C:/Users/irosa/AppData/Local/Temp/UnrealShaderWorkingDir/8A9B62B04BF1DAE8EBDBAEA8E799FD43/'.
[2018.12.24-03.44.58:270][  0]LogXGEController: Cannot use XGE Controller as Incredibuild is not installed on this machine.
[2018.12.24-03.44.58:270][  0]LogShaderCompilers: Cannot use XGE Shader Compiler as Incredibuild is not installed on this machine.
[2018.12.24-03.44.58:270][  0]LogShaderCompilers: Display: Using Local Shader Compiler.
[2018.12.24-03.44.58:808][  0]LogDerivedDataCache: Display: Max Cache Size: 512 MB
[2018.12.24-03.44.58:879][  0]LogDerivedDataCache: Loaded boot cache 0.07s 71MB C:/Users/irosa/AppData/Local/UnrealEngine/4.21/DerivedDataCache/Boot.ddc.
[2018.12.24-03.44.58:879][  0]LogDerivedDataCache: Display: Loaded Boot cache: C:/Users/irosa/AppData/Local/UnrealEngine/4.21/DerivedDataCache/Boot.ddc
[2018.12.24-03.44.58:879][  0]LogDerivedDataCache: FDerivedDataBackendGraph:  Pak pak cache file C:/Users/irosa/Downloads/BananaCollectorStarter/CrossyRoad/DerivedDataCache/DDC.ddp not found, will not use a pak cache.
[2018.12.24-03.44.58:879][  0]LogDerivedDataCache: Unable to find inner node Pak for hierarchical cache Hierarchy.
[2018.12.24-03.44.58:879][  0]LogDerivedDataCache: FDerivedDataBackendGraph:  CompressedPak pak cache file C:/Users/irosa/Downloads/BananaCollectorStarter/CrossyRoad/DerivedDataCache/Compressed.ddp not found, will not use a pak cache.
[2018.12.24-03.44.58:879][  0]LogDerivedDataCache: Unable to find inner node CompressedPak for hierarchical cache Hierarchy.
[2018.12.24-03.44.58:893][  0]LogDerivedDataCache: Display: Pak cache opened for reading ../../../Engine/DerivedDataCache/Compressed.ddp.
[2018.12.24-03.44.58:893][  0]LogDerivedDataCache: FDerivedDataBackendGraph:  EnterprisePak pak cache file ../../../Enterprise/DerivedDataCache/Compressed.ddp not found, will not use a pak cache.
[2018.12.24-03.44.58:893][  0]LogDerivedDataCache: Unable to find inner node EnterprisePak for hierarchical cache Hierarchy.
[2018.12.24-03.44.58:905][  0]LogDerivedDataCache: Using Local data cache path C:/Users/irosa/AppData/Local/UnrealEngine/Common/DerivedDataCache: Writable
[2018.12.24-03.44.58:905][  0]LogDerivedDataCache: Shared data cache path not found in *engine.ini, will not use an Shared cache.
[2018.12.24-03.44.58:905][  0]LogDerivedDataCache: Unable to find inner node Shared for hierarchical cache Hierarchy.
[2018.12.24-03.44.58:927][  0]LogMaterial: Verifying Global Shaders for PCD3D_SM5
[2018.12.24-03.44.58:928][  0]LogSlate: Using FreeType 2.6.0
[2018.12.24-03.44.58:929][  0]LogSlate: SlateFontServices - WITH_FREETYPE: 1, WITH_HARFBUZZ: 1
[2018.12.24-03.44.59:036][  0]LogAssetRegistry: FAssetRegistry took 0.0338 seconds to start up
[2018.12.24-03.44.59:343][  0]LogInit: Selected Device Profile: [Windows]
[2018.12.24-03.44.59:421][  0]LogSimplygon: Simplygon DLL not present - disabling.
[2018.12.24-03.44.59:426][  0]LogMeshReduction: Using SimplygonSwarm for distributed automatic mesh merging
[2018.12.24-03.44.59:426][  0]LogMeshReduction: Using ProxyLODMeshReduction for automatic mesh merging
[2018.12.24-03.44.59:426][  0]LogMeshReduction: Using QuadricMeshReduction for automatic static mesh reduction
[2018.12.24-03.44.59:426][  0]LogMeshReduction: No automatic skeletal mesh reduction module available
[2018.12.24-03.44.59:518][  0]LogNetVersion: CrossyRoad 1.0.0, NetCL: 4541578, EngineNetVer: 5, GameNetVer: 0 (Checksum: 1360775825)
[2018.12.24-03.45.00:036][  0]LogPackageLocalizationCache: Processed 11 localized package path(s) for 2 prioritized culture(s) in 0.092906 seconds
[2018.12.24-03.45.00:042][  0]LogUObjectArray: 39775 objects as part of root set at end of initial load.
[2018.12.24-03.45.00:042][  0]LogUObjectAllocator: 6914656 out of 0 bytes used by permanent object pool.
[2018.12.24-03.45.00:042][  0]LogUObjectArray: CloseDisregardForGC: 0/0 objects in disregard for GC pool
[2018.12.24-03.45.01:106][  0]LogTcpMessaging: Initializing TcpMessaging bridge
[2018.12.24-03.45.01:120][  0]LogUdpMessaging: Initializing bridge on interface 0.0.0.0:0 to multicast group 230.0.0.1:6666.
[2018.12.24-03.45.02:006][  0]SourceControl: Source control is disabled
[2018.12.24-03.45.02:006][  0]SourceControl: Source control is disabled
[2018.12.24-03.45.02:007][  0]SourceControl: Source control is disabled
[2018.12.24-03.45.02:008][  0]SourceControl: Source control is disabled
[2018.12.24-03.45.02:192][  0]LogAndroidPermission: UAndroidPermissionCallbackProxy::GetInstance
[2018.12.24-03.45.02:394][  0]LogOcInput: OculusInput pre-init called
[2018.12.24-03.45.02:577][  0]LogEngine: Initializing Engine...
[2018.12.24-03.45.02:579][  0]LogHMD: Failed to initialize OpenVR with code 101
[2018.12.24-03.45.02:580][  0]LogStats: UGameplayTagsManager::ConstructGameplayTagTree: ImportINI prefixes -  0.000 s
[2018.12.24-03.45.02:580][  0]LogStats: UGameplayTagsManager::ConstructGameplayTagTree: Construct from data asset -  0.000 s
[2018.12.24-03.45.02:580][  0]LogStats: UGameplayTagsManager::ConstructGameplayTagTree: ImportINI -  0.000 s
[2018.12.24-03.45.02:580][  0]LogStats: UGameplayTagsManager::ConstructGameplayTagTree: GameplayTagTreeChangedEvent.Broadcast -  0.000 s
[2018.12.24-03.45.02:810][  0]LogInit: Initializing FReadOnlyCVARCache
[2018.12.24-03.45.02:827][  0]LogAIModule: Creating AISystem for world Untitled
[2018.12.24-03.45.02:881][  0]LogInit: XAudio2 using 'Speakers (Realtek High Definition Audio)' : 2 channels at 48 kHz using 32 bits per sample (channel mask 0x3)
[2018.12.24-03.45.02:901][  0]LogInit: FAudioDevice initialized.
[2018.12.24-03.45.02:902][  0]LogNetVersion: Set ProjectVersion to 1.0.0.0. Version Checksum will be recalculated on next use.
[2018.12.24-03.45.03:416][  0]LogDerivedDataCache: Saved boot cache 0.51s 71MB C:/Users/irosa/AppData/Local/UnrealEngine/4.21/DerivedDataCache/Boot.ddc.
[2018.12.24-03.45.03:452][  0]LogInit: Texture streaming: Enabled
[2018.12.24-03.45.03:481][  0]LogEngineSessionManager: EngineSessionManager initialized
[2018.12.24-03.45.03:498][  0]LogInit: Transaction tracking system initialized
[2018.12.24-03.45.03:531][  0]BlueprintLog: New page: Editor Load
[2018.12.24-03.45.03:628][  0]LocalizationService: Localization service is disabled
[2018.12.24-03.45.04:089][  0]LogFileCache: Scanning file cache for directory 'C:/Users/irosa/Downloads/BananaCollectorStarter/CrossyRoad/Content/' took 0.01s
[2018.12.24-03.45.04:089][  0]LogCook: Display: Max memory allowance for cook 16384mb min free memory 0mb
[2018.12.24-03.45.04:089][  0]LogCook: Display: Mobile HDR setting 1
[2018.12.24-03.45.04:089][  0]LogGameplayTags: Display: UGameplayTagsManager::DoneAddingNativeTags. DelegateIsBound: 0
[2018.12.24-03.45.04:089][  0]LogStats: UGameplayTagsManager::ConstructGameplayTagTree: ImportINI prefixes -  0.000 s
[2018.12.24-03.45.04:089][  0]LogStats: UGameplayTagsManager::ConstructGameplayTagTree: Construct from data asset -  0.000 s
[2018.12.24-03.45.04:089][  0]LogStats: UGameplayTagsManager::ConstructGameplayTagTree: ImportINI -  0.000 s
[2018.12.24-03.45.04:089][  0]LogStats: UGameplayTagsManager::ConstructGameplayTagTree: GameplayTagTreeChangedEvent.Broadcast -  0.000 s
[2018.12.24-03.45.04:226][  0]SourceControl: Source control is disabled
[2018.12.24-03.45.04:226][  0]Cmd: MAP LOAD FILE="C:/Users/irosa/Downloads/BananaCollectorStarter/CrossyRoad/Content/BananaCollector/Maps/TutorialMap.umap" TEMPLATE=0 SHOWPROGRESS=1 FEATURELEVEL=3
[2018.12.24-03.45.04:226][  0]LogEditorServer: Warning: Can't find file 'C:/Users/irosa/Downloads/BananaCollectorStarter/CrossyRoad/Content/BananaCollector/Maps/TutorialMap.umap'
[2018.12.24-03.45.04:226][  0]Cmd: MAP CHECKDEP NOCLEARLOG
[2018.12.24-03.45.04:226][  0]MapCheck: Map check complete: 0 Error(s), 0 Warning(s), took 0.161ms to complete.
[2018.12.24-03.45.04:226][  0]LogFileHelpers: Loading map 'TutorialMap' took 0.001
[2018.12.24-03.45.04:345][  0]LogSlate: Updating window title bar state: overlay mode, drag disabled, window buttons hidden, title bar hidden
[2018.12.24-03.45.04:353][  0]LogSlate: Updating window title bar state: overlay mode, drag disabled, window buttons hidden, title bar hidden
[2018.12.24-03.45.04:360][  0]LogSlate: Updating window title bar state: overlay mode, drag disabled, window buttons hidden, title bar hidden
[2018.12.24-03.45.04:368][  0]LogSlate: Updating window title bar state: overlay mode, drag disabled, window buttons hidden, title bar hidden
[2018.12.24-03.45.04:376][  0]LogCollectionManager: Loaded 0 collections in 0.002609 seconds
[2018.12.24-03.45.04:405][  0]LogFileCache: Scanning file cache for directory 'C:/Users/irosa/Downloads/BananaCollectorStarter/CrossyRoad/Saved/Collections/' took 0.01s
[2018.12.24-03.45.04:405][  0]LogFileCache: Scanning file cache for directory 'C:/Users/irosa/Downloads/BananaCollectorStarter/CrossyRoad/Content/Developers/irosa/Collections/' took 0.00s
[2018.12.24-03.45.04:405][  0]LogFileCache: Scanning file cache for directory 'C:/Users/irosa/Downloads/BananaCollectorStarter/CrossyRoad/Content/Collections/' took 0.01s
[2018.12.24-03.45.04:405][  0]LogCollectionManager: Rebuilt the GUID cache for 0 collections in 0.000000 seconds
[2018.12.24-03.45.04:414][  0]LogContentBrowser: Native class hierarchy populated in 0.0090 seconds. Added 2651 classes and 620 folders.
[2018.12.24-03.45.04:422][  0]LogContentBrowser: Native class hierarchy updated for 'WidgetCarousel' in 0.0003 seconds. Added 0 classes and 0 folders.
[2018.12.24-03.45.04:424][  0]LogPakFile: Registered encryption key '00000000000000000000000000000000': 0 pak files mounted, 0 remain pending
[2018.12.24-03.45.04:425][  0]LogPakFile: Registered encryption key '00000000000000000000000000000000': 0 pak files mounted, 0 remain pending
[2018.12.24-03.45.04:426][  0]LogPakFile: Registered encryption key '00000000000000000000000000000000': 0 pak files mounted, 0 remain pending
[2018.12.24-03.45.04:427][  0]LogPakFile: Registered encryption key '00000000000000000000000000000000': 0 pak files mounted, 0 remain pending
[2018.12.24-03.45.04:428][  0]LogPakFile: Registered encryption key '00000000000000000000000000000000': 0 pak files mounted, 0 remain pending
[2018.12.24-03.45.04:428][  0]LogPakFile: Registered encryption key '00000000000000000000000000000000': 0 pak files mounted, 0 remain pending
[2018.12.24-03.45.04:429][  0]LogPakFile: Registered encryption key '00000000000000000000000000000000': 0 pak files mounted, 0 remain pending
[2018.12.24-03.45.04:430][  0]LogPakFile: Registered encryption key '00000000000000000000000000000000': 0 pak files mounted, 0 remain pending
[2018.12.24-03.45.04:431][  0]LogPakFile: Registered encryption key '00000000000000000000000000000000': 0 pak files mounted, 0 remain pending
[2018.12.24-03.45.04:431][  0]LogPakFile: Registered encryption key '00000000000000000000000000000000': 0 pak files mounted, 0 remain pending
[2018.12.24-03.45.04:432][  0]LogPakFile: Registered encryption key '00000000000000000000000000000000': 0 pak files mounted, 0 remain pending
[2018.12.24-03.45.04:433][  0]LogPakFile: Registered encryption key '00000000000000000000000000000000': 0 pak files mounted, 0 remain pending
[2018.12.24-03.45.04:433][  0]LogPakFile: Registered encryption key '00000000000000000000000000000000': 0 pak files mounted, 0 remain pending
[2018.12.24-03.45.04:434][  0]LogPakFile: Registered encryption key '00000000000000000000000000000000': 0 pak files mounted, 0 remain pending
[2018.12.24-03.45.04:435][  0]LogPakFile: Registered encryption key '00000000000000000000000000000000': 0 pak files mounted, 0 remain pending
[2018.12.24-03.45.04:436][  0]LogPakFile: Registered encryption key '00000000000000000000000000000000': 0 pak files mounted, 0 remain pending
[2018.12.24-03.45.04:436][  0]LogPakFile: Registered encryption key '00000000000000000000000000000000': 0 pak files mounted, 0 remain pending
[2018.12.24-03.45.04:437][  0]LogPakFile: Registered encryption key '00000000000000000000000000000000': 0 pak files mounted, 0 remain pending
[2018.12.24-03.45.04:438][  0]LogPakFile: Registered encryption key '00000000000000000000000000000000': 0 pak files mounted, 0 remain pending
[2018.12.24-03.45.04:439][  0]LogPakFile: Registered encryption key '00000000000000000000000000000000': 0 pak files mounted, 0 remain pending
[2018.12.24-03.45.04:439][  0]LogPakFile: Registered encryption key '00000000000000000000000000000000': 0 pak files mounted, 0 remain pending
[2018.12.24-03.45.04:440][  0]LogPakFile: Registered encryption key '00000000000000000000000000000000': 0 pak files mounted, 0 remain pending
[2018.12.24-03.45.04:441][  0]LogPakFile: Registered encryption key '00000000000000000000000000000000': 0 pak files mounted, 0 remain pending
[2018.12.24-03.45.04:442][  0]LogPakFile: Registered encryption key '00000000000000000000000000000000': 0 pak files mounted, 0 remain pending
[2018.12.24-03.45.04:443][  0]LogPakFile: Registered encryption key '00000000000000000000000000000000': 0 pak files mounted, 0 remain pending
[2018.12.24-03.45.04:443][  0]LogPakFile: Registered encryption key '00000000000000000000000000000000': 0 pak files mounted, 0 remain pending
[2018.12.24-03.45.04:508][  0]LogContentBrowser: Native class hierarchy updated for 'AddContentDialog' in 0.0002 seconds. Added 0 classes and 0 folders.
[2018.12.24-03.45.04:514][  0]LogContentBrowser: Native class hierarchy updated for 'SceneOutliner' in 0.0003 seconds. Added 1 classes and 2 folders.
[2018.12.24-03.45.04:577][  0]LogSlate: Took 0.000331 seconds to synchronously load lazily loaded font '../../../Engine/Content/Slate/Fonts/Roboto-Regular.ttf' (155K)
[2018.12.24-03.45.04:580][  0]LogSlate: Took 0.000386 seconds to synchronously load lazily loaded font '../../../Engine/Content/Slate/Fonts/Roboto-Bold.ttf' (160K)
[2018.12.24-03.45.04:586][  0]LogSlate: Took 0.000391 seconds to synchronously load lazily loaded font '../../../Engine/Content/Editor/Slate/Fonts/FontAwesome.ttf' (139K)
[2018.12.24-03.45.04:670][  0]LogRenderer: Reallocating scene render targets to support 1208x576 Format 10 NumSamples 1 (Frame:1).
[2018.12.24-03.45.04:808][  0]LogContentBrowser: Native class hierarchy updated for 'HierarchicalLODOutliner' in 0.0003 seconds. Added 0 classes and 0 folders.
[2018.12.24-03.45.04:808][  0]LogLoad: (Engine Initialization) Total time: 11.28 seconds
[2018.12.24-03.45.04:808][  0]LogLoad: (Engine Initialization) Total Blueprint compile time: 0.00 seconds
[2018.12.24-03.45.04:818][  0]LogWindowsTextInputMethodSystem: Display: IME system now deactivated.
[2018.12.24-03.45.04:866][  0]LogAssetRegistry: Asset discovery search completed in 5.8532 seconds
[2018.12.24-03.45.04:868][  0]LogCollectionManager: Rebuilt the object cache for 0 collections in 0.000000 seconds (found 0 objects)
[2018.12.24-03.45.04:868][  0]LogCollectionManager: Fixed up redirectors for 0 collections in 0.000064 seconds (updated 0 objects)
[2018.12.24-03.45.04:869][  0]LogContentStreaming: Texture pool size now 1000 MB
[2018.12.24-03.45.04:892][  0]LogSlate: Took 0.000290 seconds to synchronously load lazily loaded font '../../../Engine/Content/Slate/Fonts/Roboto-Light.ttf' (167K)
[2018.12.24-03.45.07:381][286]LogSlate: FSceneViewport::OnFocusLost() reason 0
[2018.12.24-03.45.07:837][331]AssetReimport: New page: Outstanding source content changes 11:45:07 AM
[2018.12.24-03.45.07:838][331]LogOutputDevice: Warning: 

Script Stack (0 frames):

[2018.12.24-03.45.10:383][331]LogStats: FPlatformStackWalk::StackWalkAndDump -  2.544 s
[2018.12.24-03.45.10:391][331]LogOutputDevice: Error: === Handled ensure: ===
[2018.12.24-03.45.10:391][331]LogOutputDevice: Error: 
[2018.12.24-03.45.10:391][331]LogOutputDevice: Error: Ensure condition failed: ExpectedWorkThisFrame <= 1.01f * TotalAmountOfWork - CompletedWork [File:D:\Build\++UE4\Sync\Engine\Source\Runtime\Core\Private\Misc\SlowTask.cpp] [Line: 86]
[2018.12.24-03.45.10:391][331]LogOutputDevice: Error: Work overflow in slow task. Please revise call-site to account for entire progress range.
[2018.12.24-03.45.10:391][331]LogOutputDevice: Error: Stack: 
[2018.12.24-03.45.10:391][331]LogOutputDevice: Error: [Callstack] 0x00007ffc89c605fe UE4Editor-Core.dll!UnknownFunction []
[2018.12.24-03.45.10:391][331]LogOutputDevice: Error: [Callstack] 0x00007ffc828f7d40 UE4Editor-UnrealEd.dll!UnknownFunction []
[2018.12.24-03.45.10:391][331]LogOutputDevice: Error: [Callstack] 0x00007ffc828a1077 UE4Editor-UnrealEd.dll!UnknownFunction []
[2018.12.24-03.45.10:391][331]LogOutputDevice: Error: [Callstack] 0x00007ffc82919aca UE4Editor-UnrealEd.dll!UnknownFunction []
[2018.12.24-03.45.10:391][331]LogOutputDevice: Error: [Callstack] 0x00007ffc8291bb80 UE4Editor-UnrealEd.dll!UnknownFunction []
[2018.12.24-03.45.10:391][331]LogOutputDevice: Error: [Callstack] 0x00007ffc828492d2 UE4Editor-UnrealEd.dll!UnknownFunction []
[2018.12.24-03.45.10:392][331]LogOutputDevice: Error: [Callstack] 0x00007ffc82c61123 UE4Editor-UnrealEd.dll!UnknownFunction []
[2018.12.24-03.45.10:392][331]LogOutputDevice: Error: [Callstack] 0x00007ffc83582256 UE4Editor-UnrealEd.dll!UnknownFunction []
[2018.12.24-03.45.10:392][331]LogOutputDevice: Error: [Callstack] 0x00007ff6bc476225 UE4Editor.exe!UnknownFunction []
[2018.12.24-03.45.10:392][331]LogOutputDevice: Error: [Callstack] 0x00007ff6bc48596c UE4Editor.exe!UnknownFunction []
[2018.12.24-03.45.10:392][331]LogOutputDevice: Error: [Callstack] 0x00007ff6bc4859ea UE4Editor.exe!UnknownFunction []
[2018.12.24-03.45.10:392][331]LogOutputDevice: Error: [Callstack] 0x00007ff6bc4948da UE4Editor.exe!UnknownFunction []
[2018.12.24-03.45.10:392][331]LogOutputDevice: Error: [Callstack] 0x00007ff6bc49659a UE4Editor.exe!UnknownFunction []
[2018.12.24-03.45.10:392][331]LogOutputDevice: Error: [Callstack] 0x00007ffcc0543034 KERNEL32.DLL!UnknownFunction []
[2018.12.24-03.45.10:392][331]LogOutputDevice: Error: [Callstack] 0x00007ffcc2951471 ntdll.dll!UnknownFunction []
[2018.12.24-03.45.10:392][331]LogOutputDevice: Error: 
[2018.12.24-03.45.10:397][331]LogStats:                SubmitErrorReport -  0.000 s
[2018.12.24-03.45.17:174][331]LogStats:                    SendNewReport -  6.778 s
[2018.12.24-03.45.17:174][331]LogStats:             FDebug::EnsureFailed -  9.337 s
[2018.12.24-03.45.17:280][331]LogSlate: Took 0.000271 seconds to synchronously load lazily loaded font '../../../Engine/Content/Slate/Fonts/Roboto-Light.ttf' (167K)
[2018.12.24-03.45.21:726][331]LogSlate: Window 'Delete Assets' being destroyed
[2018.12.24-03.45.24:752][529]AssetReimport: Attempting to delete BigGrass (its source file has been removed).
[2018.12.24-03.45.24:752][529]AssetReimport: Attempting to delete BlueCar (its source file has been removed).
[2018.12.24-03.45.24:752][529]AssetReimport: Attempting to delete Bush (its source file has been removed).
[2018.12.24-03.45.24:752][529]AssetReimport: Attempting to delete Chicken (its source file has been removed).
[2018.12.24-03.45.24:752][529]AssetReimport: Attempting to delete Coin (its source file has been removed).
[2018.12.24-03.45.24:752][529]AssetReimport: Attempting to delete duck (its source file has been removed).
[2018.12.24-03.45.24:752][529]AssetReimport: Attempting to delete Eagle (its source file has been removed).
[2018.12.24-03.45.24:752][529]AssetReimport: Attempting to delete GreenCar (its source file has been removed).
[2018.12.24-03.45.24:752][529]AssetReimport: Attempting to delete grass (its source file has been removed).
[2018.12.24-03.45.24:752][529]AssetReimport: Attempting to delete large_road (its source file has been removed).
[2018.12.24-03.45.24:752][529]AssetReimport: Attempting to delete large_road (its source file has been removed).
[2018.12.24-03.45.24:752][529]AssetReimport: Attempting to delete LilyPad (its source file has been removed).
[2018.12.24-03.45.24:752][529]AssetReimport: Attempting to delete log1 (its source file has been removed).
[2018.12.24-03.45.24:752][529]AssetReimport: Attempting to delete log2 (its source file has been removed).
[2018.12.24-03.45.24:752][529]AssetReimport: Attempting to delete medium_road (its source file has been removed).
[2018.12.24-03.45.24:752][529]AssetReimport: Attempting to delete OrangeCar (its source file has been removed).
[2018.12.24-03.45.24:752][529]AssetReimport: Attempting to delete PurpleCar (its source file has been removed).
[2018.12.24-03.45.24:752][529]AssetReimport: Attempting to delete Railroad_Track (its source file has been removed).
[2018.12.24-03.45.24:752][529]AssetReimport: Attempting to delete red_truck (its source file has been removed).
[2018.12.24-03.45.24:752][529]AssetReimport: Attempting to delete SmallGrass (its source file has been removed).
[2018.12.24-03.45.24:752][529]AssetReimport: Attempting to delete Taxi (its source file has been removed).
[2018.12.24-03.45.24:752][529]AssetReimport: Attempting to delete Train_Arm (its source file has been removed).
[2018.12.24-03.45.24:752][529]AssetReimport: Attempting to delete Tree (its source file has been removed).
[2018.12.24-03.45.24:752][529]AssetReimport: Attempting to delete truck (its source file has been removed).
[2018.12.24-03.45.24:752][529]AssetReimport: Attempting to delete water (its source file has been removed).
[2018.12.24-03.45.24:752][529]AssetReimport: Attempting to delete whitesheep (its source file has been removed).
[2018.12.24-03.45.29:033][856]LogAIModule: Creating AISystem for world TutorialMap
[2018.12.24-03.45.29:049][856]LogAssetEditorManager: Opening Asset editor for World /Game/Content/Maps/TutorialMap.TutorialMap
[2018.12.24-03.45.29:073][856]Cmd: MAP LOAD FILE="C:/Users/irosa/Downloads/BananaCollectorStarter/CrossyRoad/Content/Content/Maps/TutorialMap.umap" TEMPLATE=0 SHOWPROGRESS=1 FEATURELEVEL=3
[2018.12.24-03.45.29:073][856]LightingResults: New page: Lighting Build
[2018.12.24-03.45.29:076][856]LogContentBrowser: Native class hierarchy updated for 'StatsViewer' in 0.0002 seconds. Added 5 classes and 0 folders.
[2018.12.24-03.45.29:077][856]LoadErrors: New page: Loading map: TutorialMap.umap
[2018.12.24-03.45.29:077][856]MapCheck: New page: Map Check
[2018.12.24-03.45.29:077][856]LightingResults: New page: Lighting Build
[2018.12.24-03.45.29:166][856]LogEditorServer: Finished looking for orphan Actors (0.000 secs)
[2018.12.24-03.45.29:214][856]Cmd: MAP CHECKDEP NOCLEARLOG
[2018.12.24-03.45.29:215][856]MapCheck: Map check complete: 0 Error(s), 0 Warning(s), took 0.172ms to complete.
[2018.12.24-03.45.29:215][856]LogFileHelpers: Loading map 'TutorialMap' took 0.143
[2018.12.24-03.45.33:864][383]LogSlate: FSceneViewport::OnFocusLost() reason 0
[2018.12.24-03.45.33:933][388]LogTemp: Repeating last play command: Selected Viewport
[2018.12.24-03.45.33:949][388]LogBlueprintUserMessages: Early PlayInEditor Detection: Level '/Game/Content/Maps/TutorialMap.TutorialMap:PersistentLevel' has LevelScriptBlueprint '/Game/Content/Maps/TutorialMap.TutorialMap:PersistentLevel.TutorialMap' with GeneratedClass '/Game/Content/Maps/TutorialMap.TutorialMap_C' with ClassGeneratedBy '/Game/Content/Maps/TutorialMap.TutorialMap:PersistentLevel.TutorialMap'
[2018.12.24-03.45.33:949][388]LogPlayLevel: PlayLevel: No blueprints needed recompiling
[2018.12.24-03.45.33:949][388]PIE: New page: PIE session: TutorialMap (Dec 23, 2018, 11:45:33 AM)
[2018.12.24-03.45.33:961][388]LogPlayLevel: Creating play world package: /Game/Content/Maps/UEDPIE_0_TutorialMap
[2018.12.24-03.45.33:970][388]LogPlayLevel: PIE: StaticDuplicateObject took: (0.009076s)
[2018.12.24-03.45.33:970][388]LogAIModule: Creating AISystem for world TutorialMap
[2018.12.24-03.45.33:971][388]LogPlayLevel: PIE: World Init took: (0.000506s)
[2018.12.24-03.45.33:971][388]LogPlayLevel: PIE: Created PIE world by copying editor world from /Game/Content/Maps/TutorialMap.TutorialMap to /Game/Content/Maps/UEDPIE_0_TutorialMap.TutorialMap (0.009900s)
[2018.12.24-03.45.34:029][388]LogInit: XAudio2 using 'Speakers (Realtek High Definition Audio)' : 2 channels at 48 kHz using 32 bits per sample (channel mask 0x3)
[2018.12.24-03.45.34:045][388]LogInit: FAudioDevice initialized.
[2018.12.24-03.45.34:091][388]LogLoad: Game class is 'GM_Tutorial_C'
[2018.12.24-03.45.34:095][388]LogWorld: Bringing World /Game/Content/Maps/UEDPIE_0_TutorialMap.TutorialMap up for play (max tick rate 0) at 2018.12.23-19.45.34
[2018.12.24-03.45.34:096][388]LogWorld: Bringing up level for play took: 0.003730
[2018.12.24-03.45.34:115][388]LogContentBrowser: Native class hierarchy updated for 'MovieSceneCapture' in 0.0003 seconds. Added 20 classes and 0 folders.
[2018.12.24-03.45.34:117][388]PIE: Play in editor start time for /Game/Content/Maps/UEDPIE_0_TutorialMap -0.372
[2018.12.24-03.45.34:117][388]LogBlueprintUserMessages: Late PlayInEditor Detection: Level '/Game/Content/Maps/TutorialMap.TutorialMap:PersistentLevel' has LevelScriptBlueprint '/Game/Content/Maps/TutorialMap.TutorialMap:PersistentLevel.TutorialMap' with GeneratedClass '/Game/Content/Maps/TutorialMap.TutorialMap_C' with ClassGeneratedBy '/Game/Content/Maps/TutorialMap.TutorialMap:PersistentLevel.TutorialMap'
[2018.12.24-03.45.43:018][451]LogBlueprintUserMessages: Early EndPlayMap Detection: Level '/Game/Content/Maps/TutorialMap.TutorialMap:PersistentLevel' has LevelScriptBlueprint '/Game/Content/Maps/TutorialMap.TutorialMap:PersistentLevel.TutorialMap' with GeneratedClass '/Game/Content/Maps/TutorialMap.TutorialMap_C' with ClassGeneratedBy '/Game/Content/Maps/TutorialMap.TutorialMap:PersistentLevel.TutorialMap'
[2018.12.24-03.45.43:018][451]LogSlate: Updating window title bar state: overlay mode, drag disabled, window buttons hidden, title bar hidden
[2018.12.24-03.45.43:053][451]LogPlayLevel: Display: Shutting down PIE online subsystems
[2018.12.24-03.45.43:054][451]LogBlueprintUserMessages: Late EndPlayMap Detection: Level '/Game/Content/Maps/TutorialMap.TutorialMap:PersistentLevel' has LevelScriptBlueprint '/Game/Content/Maps/TutorialMap.TutorialMap:PersistentLevel.TutorialMap' with GeneratedClass '/Game/Content/Maps/TutorialMap.TutorialMap_C' with ClassGeneratedBy '/Game/Content/Maps/TutorialMap.TutorialMap:PersistentLevel.TutorialMap'
[2018.12.24-03.45.43:075][451]LogSlate: Updating window title bar state: overlay mode, drag disabled, window buttons hidden, title bar hidden
[2018.12.24-03.45.43:116][454]LogPlayLevel: Display: Destroying online subsystem :Context_3
[2018.12.24-03.45.44:755][644]LogSlate: FSceneViewport::OnFocusLost() reason 0
